d:\game programming\directx\directxeng\directxeng\debug\cylinder.obj
d:\game programming\directx\directxeng\directxeng\debug\imguimanager.obj
d:\game programming\directx\directxeng\directxeng\debug\imgui_draw.obj
d:\game programming\directx\directxeng\directxeng\debug\imgui_widgets.obj
d:\game programming\directx\directxeng\directxeng\debug\pixelshader.obj
d:\game programming\directx\directxeng\directxeng\debug\texture.obj
d:\game programming\directx\directxeng\directxeng\debug\box.obj
d:\game programming\directx\directxeng\directxeng\debug\imgui_demo.obj
d:\game programming\directx\directxeng\directxeng\debug\imgui_impl_win32.obj
d:\game programming\directx\directxeng\directxeng\debug\melon.obj
d:\game programming\directx\directxeng\directxeng\debug\surface.obj
d:\game programming\directx\directxeng\directxeng\debug\winmain.obj
d:\game programming\directx\directxeng\directxeng\debug\bindable.obj
d:\game programming\directx\directxeng\directxeng\debug\graphics.obj
d:\game programming\directx\directxeng\directxeng\debug\sheet.obj
d:\game programming\directx\directxeng\directxeng\debug\vertexshader.obj
d:\game programming\directx\directxeng\directxeng\debug\chilliexception.obj
d:\game programming\directx\directxeng\directxeng\debug\dxgiinfomanager.obj
d:\game programming\directx\directxeng\directxeng\debug\inputlayout.obj
d:\game programming\directx\directxeng\directxeng\debug\solidsphere.obj
d:\game programming\directx\directxeng\directxeng\debug\window.obj
d:\game programming\directx\directxeng\directxeng\debug\chillitimer.obj
d:\game programming\directx\directxeng\directxeng\debug\drawablebase.obj
d:\game programming\directx\directxeng\directxeng\debug\imgui_impl_dx11.obj
d:\game programming\directx\directxeng\directxeng\debug\sampler.obj
d:\game programming\directx\directxeng\directxeng\debug\vertexbuffer.obj
d:\game programming\directx\directxeng\directxeng\debug\app.obj
d:\game programming\directx\directxeng\directxeng\debug\imgui_tables.obj
d:\game programming\directx\directxeng\directxeng\debug\keyboard.obj
d:\game programming\directx\directxeng\directxeng\debug\pointlight.obj
d:\game programming\directx\directxeng\directxeng\debug\topology.obj
d:\game programming\directx\directxeng\directxeng\debug\drawable.obj
d:\game programming\directx\directxeng\directxeng\debug\gdiplusmanager.obj
d:\game programming\directx\directxeng\directxeng\debug\mouse.obj
d:\game programming\directx\directxeng\directxeng\debug\pyramid.obj
d:\game programming\directx\directxeng\directxeng\debug\transformcbuff.obj
d:\game programming\directx\directxeng\directxeng\debug\camera.obj
d:\game programming\directx\directxeng\directxeng\debug\dxerr.obj
d:\game programming\directx\directxeng\directxeng\debug\imgui.obj
d:\game programming\directx\directxeng\directxeng\debug\indexbuffer.obj
d:\game programming\directx\directxeng\directxeng\debug\skinnedbox.obj
d:\game programming\directx\directxeng\directxeng\debug\vc142.pdb
d:\game programming\directx\directxeng\directxeng\blendedphongps.cso
d:\game programming\directx\directxeng\directxeng\blendedphongvs.cso
d:\game programming\directx\directxeng\directxeng\indexedcolorps.cso
d:\game programming\directx\directxeng\directxeng\indexedcolorvs.cso
d:\game programming\directx\directxeng\directxeng\blendcolorps.cso
d:\game programming\directx\directxeng\directxeng\blendcolorvs.cso
d:\game programming\directx\directxeng\directxeng\phongps.cso
d:\game programming\directx\directxeng\directxeng\phongvs.cso
d:\game programming\directx\directxeng\directxeng\indexedphongps.cso
d:\game programming\directx\directxeng\directxeng\solidcolorps.cso
d:\game programming\directx\directxeng\directxeng\solidcolorvs.cso
d:\game programming\directx\directxeng\directxeng\texturedphongps.cso
d:\game programming\directx\directxeng\directxeng\texturedphongvs.cso
d:\game programming\directx\directxeng\directxeng\textureps.cso
d:\game programming\directx\directxeng\directxeng\texturevs.cso
d:\game programming\directx\directxeng\directxeng\debug\directxeng.res
d:\game programming\directx\directxeng\directxeng\debug\vc142.idb
d:\game programming\directx\directxeng\debug\directxeng.pdb
d:\game programming\directx\directxeng\directxeng\debug\directxeng.tlog\cl.10176.write.1.tlog
d:\game programming\directx\directxeng\directxeng\debug\directxeng.tlog\cl.command.1.tlog
d:\game programming\directx\directxeng\directxeng\debug\directxeng.tlog\cl.read.1.tlog
d:\game programming\directx\directxeng\directxeng\debug\directxeng.tlog\fxc.command.1.tlog
d:\game programming\directx\directxeng\directxeng\debug\directxeng.tlog\fxc.read.1.tlog
d:\game programming\directx\directxeng\directxeng\debug\directxeng.tlog\fxc.write.1.tlog
d:\game programming\directx\directxeng\directxeng\debug\directxeng.tlog\link-cvtres.read.1.tlog
d:\game programming\directx\directxeng\directxeng\debug\directxeng.tlog\link-cvtres.write.1.tlog
d:\game programming\directx\directxeng\directxeng\debug\directxeng.tlog\link-rc.read.1.tlog
d:\game programming\directx\directxeng\directxeng\debug\directxeng.tlog\link-rc.write.1.tlog
d:\game programming\directx\directxeng\directxeng\debug\directxeng.tlog\link.command.1.tlog
d:\game programming\directx\directxeng\directxeng\debug\directxeng.tlog\link.read.1.tlog
d:\game programming\directx\directxeng\directxeng\debug\directxeng.tlog\link.write.1.tlog
d:\game programming\directx\directxeng\directxeng\debug\directxeng.tlog\rc.command.1.tlog
d:\game programming\directx\directxeng\directxeng\debug\directxeng.tlog\rc.read.1.tlog
d:\game programming\directx\directxeng\directxeng\debug\directxeng.tlog\rc.write.1.tlog
