  compilation object save succeeded; see D:\Game Programming\DirectX\DirectXEng\DirectXEng\BlendedPhongPS.cso
D:\Game Programming\DirectX\DirectXEng\DirectXEng\BlendedPhongVS.hlsl(18,5-55): warning X3206: implicit truncation of vector type
  
  compilation object save succeeded; see D:\Game Programming\DirectX\DirectXEng\DirectXEng\BlendedPhongVS.cso
  compilation object save succeeded; see D:\Game Programming\DirectX\DirectXEng\DirectXEng\IndexedColorPS.cso
  compilation object save succeeded; see D:\Game Programming\DirectX\DirectXEng\DirectXEng\IndexedColorVS.cso
  compilation object save succeeded; see D:\Game Programming\DirectX\DirectXEng\DirectXEng\BlendColorPS.cso
  compilation object save succeeded; see D:\Game Programming\DirectX\DirectXEng\DirectXEng\BlendColorVS.cso
  compilation object save succeeded; see D:\Game Programming\DirectX\DirectXEng\DirectXEng\PhongPS.cso
D:\Game Programming\DirectX\DirectXEng\DirectXEng\PhongVS.hlsl(17,2-52): warning X3206: implicit truncation of vector type
  
  compilation object save succeeded; see D:\Game Programming\DirectX\DirectXEng\DirectXEng\PhongVS.cso
  compilation object save succeeded; see D:\Game Programming\DirectX\DirectXEng\DirectXEng\IndexedPhongPS.cso
  compilation object save succeeded; see D:\Game Programming\DirectX\DirectXEng\DirectXEng\SolidColorPS.cso
  compilation object save succeeded; see D:\Game Programming\DirectX\DirectXEng\DirectXEng\SolidColorVS.cso
  compilation object save succeeded; see D:\Game Programming\DirectX\DirectXEng\DirectXEng\TexturedPhongPS.cso
D:\Game Programming\DirectX\DirectXEng\DirectXEng\TexturedPhongVS.hlsl(18,5-55): warning X3206: implicit truncation of vector type
  
  compilation object save succeeded; see D:\Game Programming\DirectX\DirectXEng\DirectXEng\TexturedPhongVS.cso
  compilation object save succeeded; see D:\Game Programming\DirectX\DirectXEng\DirectXEng\TexturePS.cso
  compilation object save succeeded; see D:\Game Programming\DirectX\DirectXEng\DirectXEng\TextureVS.cso
  App.cpp
  AssimpTest.cpp
  Bindable.cpp
  Box.cpp
  Camera.cpp
  ChilliException.cpp
  ChilliTimer.cpp
  Cylinder.cpp
  Drawable.cpp
  DrawableBase.cpp
D:\Game Programming\DirectX\DirectXEng\DirectXEng\ChiliWin.h(4,1): warning C4005: '_WIN32_WINNT': macro redefinition (compiling source file Bindable.cpp)
C:\Program Files (x86)\Windows Kits\10\Include\10.0.19041.0\shared\sdkddkver.h(218): message : see previous definition of '_WIN32_WINNT' (compiling source file Bindable.cpp)
D:\Game Programming\DirectX\DirectXEng\DirectXEng\ChiliWin.h(47,1): warning C4005: 'STRICT': macro redefinition (compiling source file Bindable.cpp)
C:\Program Files (x86)\Windows Kits\10\Include\10.0.19041.0\shared\minwindef.h(23): message : see previous definition of 'STRICT' (compiling source file Bindable.cpp)
  dxerr.cpp
D:\Game Programming\DirectX\DirectXEng\DirectXEng\Graphics.h(65,43): error C2065: 'IS_DEBUG': undeclared identifier (compiling source file Cylinder.cpp)
D:\Game Programming\DirectX\DirectXEng\DirectXEng\Graphics.h(65,43): error C2131: expression did not evaluate to a constant (compiling source file Cylinder.cpp)
D:\Game Programming\DirectX\DirectXEng\DirectXEng\Graphics.h(65,43): message : a non-constant (sub-)expression was encountered (compiling source file Cylinder.cpp)
D:\Game Programming\DirectX\DirectXEng\DirectXEng\DrawableBase.h(48,61): error C2065: 'IS_DEBUG': undeclared identifier (compiling source file Cylinder.cpp)
D:\Game Programming\DirectX\DirectXEng\DirectXEng\DrawableBase.h(48,61): error C3861: 'IS_DEBUG': identifier not found (compiling source file Cylinder.cpp)
D:\Game Programming\DirectX\DirectXEng\DirectXEng\Graphics.h(65,43): error C2065: 'IS_DEBUG': undeclared identifier (compiling source file Box.cpp)
D:\Game Programming\DirectX\DirectXEng\DirectXEng\Graphics.h(65,43): error C2131: expression did not evaluate to a constant (compiling source file Box.cpp)
D:\Game Programming\DirectX\DirectXEng\DirectXEng\Graphics.h(65,43): message : a non-constant (sub-)expression was encountered (compiling source file Box.cpp)
D:\Game Programming\DirectX\DirectXEng\DirectXEng\DrawableBase.h(48,61): error C2065: 'IS_DEBUG': undeclared identifier (compiling source file Box.cpp)
D:\Game Programming\DirectX\DirectXEng\DirectXEng\DrawableBase.h(48,61): error C3861: 'IS_DEBUG': identifier not found (compiling source file Box.cpp)
D:\Game Programming\DirectX\DirectXEng\DirectXEng\Graphics.h(65,43): error C2065: 'IS_DEBUG': undeclared identifier (compiling source file AssimpTest.cpp)
D:\Game Programming\DirectX\DirectXEng\DirectXEng\Graphics.h(65,43): error C2131: expression did not evaluate to a constant (compiling source file AssimpTest.cpp)
D:\Game Programming\DirectX\DirectXEng\DirectXEng\Graphics.h(65,43): message : a non-constant (sub-)expression was encountered (compiling source file AssimpTest.cpp)
D:\Game Programming\DirectX\DirectXEng\DirectXEng\DrawableBase.h(48,61): error C2065: 'IS_DEBUG': undeclared identifier (compiling source file AssimpTest.cpp)
D:\Game Programming\DirectX\DirectXEng\DirectXEng\DrawableBase.h(48,61): error C3861: 'IS_DEBUG': identifier not found (compiling source file AssimpTest.cpp)
D:\Game Programming\DirectX\DirectXEng\DirectXEng\Graphics.h(65,43): error C2065: 'IS_DEBUG': undeclared identifier (compiling source file App.cpp)
D:\Game Programming\DirectX\DirectXEng\DirectXEng\Graphics.h(65,43): error C2131: expression did not evaluate to a constant (compiling source file App.cpp)
D:\Game Programming\DirectX\DirectXEng\DirectXEng\Graphics.h(65,43): message : a non-constant (sub-)expression was encountered (compiling source file App.cpp)
D:\Game Programming\DirectX\DirectXEng\DirectXEng\Graphics.h(65,43): error C2065: 'IS_DEBUG': undeclared identifier (compiling source file Bindable.cpp)
D:\Game Programming\DirectX\DirectXEng\DirectXEng\Graphics.h(65,43): error C2131: expression did not evaluate to a constant (compiling source file Bindable.cpp)
D:\Game Programming\DirectX\DirectXEng\DirectXEng\Graphics.h(65,43): message : a non-constant (sub-)expression was encountered (compiling source file Bindable.cpp)
D:\Game Programming\DirectX\DirectXEng\DirectXEng\Bindable.cpp(15,16): error C2039: 'infoManager': is not a member of 'Graphics'
D:\Game Programming\DirectX\DirectXEng\DirectXEng\Graphics.h(13): message : see declaration of 'Graphics'
D:\Game Programming\DirectX\DirectXEng\DirectXEng\DrawableBase.h(48,61): error C2065: 'IS_DEBUG': undeclared identifier (compiling source file App.cpp)
D:\Game Programming\DirectX\DirectXEng\DirectXEng\DrawableBase.h(48,61): error C3861: 'IS_DEBUG': identifier not found (compiling source file App.cpp)
  DXGIInfoManager.cpp
D:\Game Programming\DirectX\DirectXEng\DirectXEng\Vertex.h(69,65): error C2065: 'IS_DEBUG': undeclared identifier (compiling source file Cylinder.cpp)
D:\Game Programming\DirectX\DirectXEng\DirectXEng\Vertex.h(69,65): error C2131: expression did not evaluate to a constant (compiling source file Cylinder.cpp)
D:\Game Programming\DirectX\DirectXEng\DirectXEng\Vertex.h(69,65): message : a non-constant (sub-)expression was encountered (compiling source file Cylinder.cpp)
D:\Game Programming\DirectX\DirectXEng\DirectXEng\Vertex.h(74,50): error C2065: 'IS_DEBUG': undeclared identifier (compiling source file Cylinder.cpp)
D:\Game Programming\DirectX\DirectXEng\DirectXEng\Vertex.h(74,50): message : This diagnostic occurred in the compiler generated function 'const DynamicVertex::VertexLayout::Element &DynamicVertex::VertexLayout::Resolve(void) noexcept(<expr>) const' (compiling source file Cylinder.cpp)
D:\Game Programming\DirectX\DirectXEng\DirectXEng\Vertex.h(74,50): error C3861: 'IS_DEBUG': identifier not found (compiling source file Cylinder.cpp)
D:\Game Programming\DirectX\DirectXEng\DirectXEng\Vertex.h(74,50): message : This diagnostic occurred in the compiler generated function 'const DynamicVertex::VertexLayout::Element &DynamicVertex::VertexLayout::Resolve(void) noexcept(<expr>) const' (compiling source file Cylinder.cpp)
D:\Game Programming\DirectX\DirectXEng\DirectXEng\Vertex.h(86,58): error C2065: 'IS_DEBUG': undeclared identifier (compiling source file Cylinder.cpp)
D:\Game Programming\DirectX\DirectXEng\DirectXEng\Vertex.h(86,58): error C2131: expression did not evaluate to a constant (compiling source file Cylinder.cpp)
D:\Game Programming\DirectX\DirectXEng\DirectXEng\Vertex.h(86,58): message : a non-constant (sub-)expression was encountered (compiling source file Cylinder.cpp)
D:\Game Programming\DirectX\DirectXEng\DirectXEng\Vertex.h(91,38): error C2065: 'IS_DEBUG': undeclared identifier (compiling source file Cylinder.cpp)
D:\Game Programming\DirectX\DirectXEng\DirectXEng\Vertex.h(91,38): error C2131: expression did not evaluate to a constant (compiling source file Cylinder.cpp)
D:\Game Programming\DirectX\DirectXEng\DirectXEng\Vertex.h(91,38): message : a non-constant (sub-)expression was encountered (compiling source file Cylinder.cpp)
D:\Game Programming\DirectX\DirectXEng\DirectXEng\Vertex.h(69,65): error C2065: 'IS_DEBUG': undeclared identifier (compiling source file Box.cpp)
D:\Game Programming\DirectX\DirectXEng\DirectXEng\Vertex.h(69,65): error C2131: expression did not evaluate to a constant (compiling source file Box.cpp)
D:\Game Programming\DirectX\DirectXEng\DirectXEng\Vertex.h(69,65): message : a non-constant (sub-)expression was encountered (compiling source file Box.cpp)
D:\Game Programming\DirectX\DirectXEng\DirectXEng\Vertex.h(74,50): error C2065: 'IS_DEBUG': undeclared identifier (compiling source file Box.cpp)
D:\Game Programming\DirectX\DirectXEng\DirectXEng\Vertex.h(74,50): message : This diagnostic occurred in the compiler generated function 'const DynamicVertex::VertexLayout::Element &DynamicVertex::VertexLayout::Resolve(void) noexcept(<expr>) const' (compiling source file Box.cpp)
D:\Game Programming\DirectX\DirectXEng\DirectXEng\Vertex.h(74,50): error C3861: 'IS_DEBUG': identifier not found (compiling source file Box.cpp)
D:\Game Programming\DirectX\DirectXEng\DirectXEng\Vertex.h(74,50): message : This diagnostic occurred in the compiler generated function 'const DynamicVertex::VertexLayout::Element &DynamicVertex::VertexLayout::Resolve(void) noexcept(<expr>) const' (compiling source file Box.cpp)
D:\Game Programming\DirectX\DirectXEng\DirectXEng\Vertex.h(86,58): error C2065: 'IS_DEBUG': undeclared identifier (compiling source file Box.cpp)
D:\Game Programming\DirectX\DirectXEng\DirectXEng\Vertex.h(86,58): error C2131: expression did not evaluate to a constant (compiling source file Box.cpp)
D:\Game Programming\DirectX\DirectXEng\DirectXEng\Vertex.h(86,58): message : a non-constant (sub-)expression was encountered (compiling source file Box.cpp)
D:\Game Programming\DirectX\DirectXEng\DirectXEng\Vertex.h(91,38): error C2065: 'IS_DEBUG': undeclared identifier (compiling source file Box.cpp)
D:\Game Programming\DirectX\DirectXEng\DirectXEng\Vertex.h(91,38): error C2131: expression did not evaluate to a constant (compiling source file Box.cpp)
D:\Game Programming\DirectX\DirectXEng\DirectXEng\Vertex.h(91,38): message : a non-constant (sub-)expression was encountered (compiling source file Box.cpp)
D:\Game Programming\DirectX\DirectXEng\DirectXEng\Vertex.h(69,65): error C2065: 'IS_DEBUG': undeclared identifier (compiling source file AssimpTest.cpp)
D:\Game Programming\DirectX\DirectXEng\DirectXEng\Vertex.h(69,65): error C2131: expression did not evaluate to a constant (compiling source file AssimpTest.cpp)
D:\Game Programming\DirectX\DirectXEng\DirectXEng\Vertex.h(69,65): message : a non-constant (sub-)expression was encountered (compiling source file AssimpTest.cpp)
D:\Game Programming\DirectX\DirectXEng\DirectXEng\Vertex.h(74,50): error C2065: 'IS_DEBUG': undeclared identifier (compiling source file AssimpTest.cpp)
D:\Game Programming\DirectX\DirectXEng\DirectXEng\Vertex.h(74,50): message : This diagnostic occurred in the compiler generated function 'const DynamicVertex::VertexLayout::Element &DynamicVertex::VertexLayout::Resolve(void) noexcept(<expr>) const' (compiling source file AssimpTest.cpp)
D:\Game Programming\DirectX\DirectXEng\DirectXEng\Vertex.h(74,50): error C3861: 'IS_DEBUG': identifier not found (compiling source file AssimpTest.cpp)
D:\Game Programming\DirectX\DirectXEng\DirectXEng\Vertex.h(74,50): message : This diagnostic occurred in the compiler generated function 'const DynamicVertex::VertexLayout::Element &DynamicVertex::VertexLayout::Resolve(void) noexcept(<expr>) const' (compiling source file AssimpTest.cpp)
D:\Game Programming\DirectX\DirectXEng\DirectXEng\Vertex.h(86,58): error C2065: 'IS_DEBUG': undeclared identifier (compiling source file AssimpTest.cpp)
D:\Game Programming\DirectX\DirectXEng\DirectXEng\Vertex.h(86,58): error C2131: expression did not evaluate to a constant (compiling source file AssimpTest.cpp)
D:\Game Programming\DirectX\DirectXEng\DirectXEng\Vertex.h(86,58): message : a non-constant (sub-)expression was encountered (compiling source file AssimpTest.cpp)
D:\Game Programming\DirectX\DirectXEng\DirectXEng\Vertex.h(91,38): error C2065: 'IS_DEBUG': undeclared identifier (compiling source file AssimpTest.cpp)
D:\Game Programming\DirectX\DirectXEng\DirectXEng\Vertex.h(91,38): error C2131: expression did not evaluate to a constant (compiling source file AssimpTest.cpp)
D:\Game Programming\DirectX\DirectXEng\DirectXEng\Vertex.h(91,38): message : a non-constant (sub-)expression was encountered (compiling source file AssimpTest.cpp)
D:\Game Programming\DirectX\DirectXEng\DirectXEng\IndexedTriangleList.h(29,45): error C2065: 'IS_DEBUG': undeclared identifier (compiling source file Cylinder.cpp)
D:\Game Programming\DirectX\DirectXEng\DirectXEng\IndexedTriangleList.h(53): message : see reference to class template instantiation 'IndexedTriangleList<T>' being compiled (compiling source file Cylinder.cpp)
D:\Game Programming\DirectX\DirectXEng\DirectXEng\IndexedTriangleList.h(29,45): error C2065: 'IS_DEBUG': undeclared identifier (compiling source file Box.cpp)
D:\Game Programming\DirectX\DirectXEng\DirectXEng\IndexedTriangleList.h(53): message : see reference to class template instantiation 'IndexedTriangleList<T>' being compiled (compiling source file Box.cpp)
D:\Game Programming\DirectX\DirectXEng\DirectXEng\IndexedTriangleList.h(29,45): error C3861: 'IS_DEBUG': identifier not found (compiling source file Cylinder.cpp)
D:\Game Programming\DirectX\DirectXEng\DirectXEng\IndexedTriangleList.h(29,45): error C3861: 'IS_DEBUG': identifier not found (compiling source file Box.cpp)
D:\Game Programming\DirectX\DirectXEng\DirectXEng\IndexedTriangleList.h(29,45): error C2131: expression did not evaluate to a constant (compiling source file Box.cpp)
D:\Game Programming\DirectX\DirectXEng\DirectXEng\IndexedTriangleList.h(29,45): message : a non-constant (sub-)expression was encountered (compiling source file Box.cpp)
  GDIPlusManager.cpp
D:\Game Programming\DirectX\DirectXEng\DirectXEng\DrawableBase.h(11,41): error C2065: 'IS_DEBUG': undeclared identifier (compiling source file Box.cpp)
D:\Game Programming\DirectX\DirectXEng\DirectXEng\DrawableBase.h(11,41): error C2131: expression did not evaluate to a constant (compiling source file Box.cpp)
D:\Game Programming\DirectX\DirectXEng\DirectXEng\DrawableBase.h(11,41): message : a non-constant (sub-)expression was encountered (compiling source file Box.cpp)
  Graphics.cpp
D:\Game Programming\DirectX\DirectXEng\DirectXEng\Graphics.h(65,43): error C2065: 'IS_DEBUG': undeclared identifier (compiling source file Drawable.cpp)
D:\Game Programming\DirectX\DirectXEng\DirectXEng\Graphics.h(65,43): error C2131: expression did not evaluate to a constant (compiling source file Drawable.cpp)
D:\Game Programming\DirectX\DirectXEng\DirectXEng\Graphics.h(65,43): message : a non-constant (sub-)expression was encountered (compiling source file Drawable.cpp)
D:\Game Programming\DirectX\DirectXEng\DirectXEng\App.cpp(141,31): warning C4018: '<': signed/unsigned mismatch
  imgui.cpp
  ImGuiManager.cpp
  imgui_demo.cpp
D:\Game Programming\DirectX\DirectXEng\DirectXEng\Graphics.h(65,43): error C2065: 'IS_DEBUG': undeclared identifier (compiling source file DrawableBase.cpp)
D:\Game Programming\DirectX\DirectXEng\DirectXEng\Graphics.h(65,43): error C2131: expression did not evaluate to a constant (compiling source file DrawableBase.cpp)
D:\Game Programming\DirectX\DirectXEng\DirectXEng\Graphics.h(65,43): message : a non-constant (sub-)expression was encountered (compiling source file DrawableBase.cpp)
D:\Game Programming\DirectX\DirectXEng\DirectXEng\DrawableBase.h(48,61): error C2065: 'IS_DEBUG': undeclared identifier (compiling source file DrawableBase.cpp)
D:\Game Programming\DirectX\DirectXEng\DirectXEng\DrawableBase.h(48,61): error C3861: 'IS_DEBUG': identifier not found (compiling source file DrawableBase.cpp)
  imgui_draw.cpp
  imgui_impl_dx11.cpp
D:\Game Programming\DirectX\DirectXEng\DirectXEng\AssimpTest.cpp(34,27): warning C4018: '<': signed/unsigned mismatch
D:\Game Programming\DirectX\DirectXEng\DirectXEng\AssimpTest.cpp(42,27): warning C4018: '<': signed/unsigned mismatch
D:\Game Programming\DirectX\DirectXEng\DirectXEng\DrawableBase.h(11,41): error C2065: 'IS_DEBUG': undeclared identifier (compiling source file AssimpTest.cpp)
D:\Game Programming\DirectX\DirectXEng\DirectXEng\DrawableBase.h(11,41): error C2131: expression did not evaluate to a constant (compiling source file AssimpTest.cpp)
D:\Game Programming\DirectX\DirectXEng\DirectXEng\DrawableBase.h(11,41): message : a non-constant (sub-)expression was encountered (compiling source file AssimpTest.cpp)
  imgui_impl_win32.cpp
  imgui_tables.cpp
  imgui_widgets.cpp
  IndexBuffer.cpp
  InputLayout.cpp
  Keyboard.cpp
  Melon.cpp
  Mouse.cpp
D:\Game Programming\DirectX\DirectXEng\DirectXEng\Graphics.h(65,43): error C2065: 'IS_DEBUG': undeclared identifier (compiling source file Graphics.cpp)
D:\Game Programming\DirectX\DirectXEng\DirectXEng\Graphics.h(65,43): error C2131: expression did not evaluate to a constant (compiling source file Graphics.cpp)
D:\Game Programming\DirectX\DirectXEng\DirectXEng\Graphics.h(65,43): message : a non-constant (sub-)expression was encountered (compiling source file Graphics.cpp)
D:\Game Programming\DirectX\DirectXEng\DirectXEng\Graphics.h(65,43): error C2065: 'IS_DEBUG': undeclared identifier (compiling source file DXGIInfoManager.cpp)
D:\Game Programming\DirectX\DirectXEng\DirectXEng\Graphics.h(65,43): error C2131: expression did not evaluate to a constant (compiling source file DXGIInfoManager.cpp)
D:\Game Programming\DirectX\DirectXEng\DirectXEng\Graphics.h(65,43): message : a non-constant (sub-)expression was encountered (compiling source file DXGIInfoManager.cpp)
D:\Game Programming\DirectX\DirectXEng\DirectXEng\ChiliWin.h(4,1): warning C4005: '_WIN32_WINNT': macro redefinition (compiling source file IndexBuffer.cpp)
C:\Program Files (x86)\Windows Kits\10\Include\10.0.19041.0\shared\sdkddkver.h(218): message : see previous definition of '_WIN32_WINNT' (compiling source file IndexBuffer.cpp)
D:\Game Programming\DirectX\DirectXEng\DirectXEng\ChiliWin.h(47,1): warning C4005: 'STRICT': macro redefinition (compiling source file IndexBuffer.cpp)
C:\Program Files (x86)\Windows Kits\10\Include\10.0.19041.0\shared\minwindef.h(23): message : see previous definition of 'STRICT' (compiling source file IndexBuffer.cpp)
  PixelShader.cpp
  PointLight.cpp
D:\Game Programming\DirectX\DirectXEng\DirectXEng\Graphics.cpp(95,5): error C3861: 'GFX_THROW_INFO_ONLY': identifier not found
D:\Game Programming\DirectX\DirectXEng\DirectXEng\Graphics.cpp(123,49): error C2065: 'IS_DEBUG': undeclared identifier
D:\Game Programming\DirectX\DirectXEng\DirectXEng\Graphics.cpp(123,49): error C2131: expression did not evaluate to a constant
D:\Game Programming\DirectX\DirectXEng\DirectXEng\Graphics.cpp(123,49): message : a non-constant (sub-)expression was encountered
D:\Game Programming\DirectX\DirectXEng\DirectXEng\Graphics.cpp(125,5): error C3861: 'GFX_THROW_INFO_ONLY': identifier not found
D:\Game Programming\DirectX\DirectXEng\DirectXEng\Graphics.cpp(144,78): error C2186: 'throw': illegal operand of type 'void'
D:\Game Programming\DirectX\DirectXEng\DirectXEng\ChiliWin.h(4,1): warning C4005: '_WIN32_WINNT': macro redefinition (compiling source file InputLayout.cpp)
C:\Program Files (x86)\Windows Kits\10\Include\10.0.19041.0\shared\sdkddkver.h(218): message : see previous definition of '_WIN32_WINNT' (compiling source file InputLayout.cpp)
D:\Game Programming\DirectX\DirectXEng\DirectXEng\ChiliWin.h(47,1): warning C4005: 'STRICT': macro redefinition (compiling source file InputLayout.cpp)
C:\Program Files (x86)\Windows Kits\10\Include\10.0.19041.0\shared\minwindef.h(23): message : see previous definition of 'STRICT' (compiling source file InputLayout.cpp)
  Pyramid.cpp
D:\Game Programming\DirectX\DirectXEng\DirectXEng\Graphics.h(65,43): error C2065: 'IS_DEBUG': undeclared identifier (compiling source file imgui_impl_dx11.cpp)
D:\Game Programming\DirectX\DirectXEng\DirectXEng\Graphics.h(65,43): error C2131: expression did not evaluate to a constant (compiling source file imgui_impl_dx11.cpp)
D:\Game Programming\DirectX\DirectXEng\DirectXEng\Graphics.h(65,43): message : a non-constant (sub-)expression was encountered (compiling source file imgui_impl_dx11.cpp)
  Sampler.cpp
  Sheet.cpp
D:\Game Programming\DirectX\DirectXEng\DirectXEng\ChiliWin.h(4,1): warning C4005: '_WIN32_WINNT': macro redefinition (compiling source file PixelShader.cpp)
C:\Program Files (x86)\Windows Kits\10\Include\10.0.19041.0\shared\sdkddkver.h(218): message : see previous definition of '_WIN32_WINNT' (compiling source file PixelShader.cpp)
D:\Game Programming\DirectX\DirectXEng\DirectXEng\ChiliWin.h(47,1): warning C4005: 'STRICT': macro redefinition (compiling source file PixelShader.cpp)
C:\Program Files (x86)\Windows Kits\10\Include\10.0.19041.0\shared\minwindef.h(23): message : see previous definition of 'STRICT' (compiling source file PixelShader.cpp)
D:\Game Programming\DirectX\DirectXEng\DirectXEng\Graphics.h(65,43): error C2065: 'IS_DEBUG': undeclared identifier (compiling source file IndexBuffer.cpp)
D:\Game Programming\DirectX\DirectXEng\DirectXEng\Graphics.h(65,43): error C2131: expression did not evaluate to a constant (compiling source file IndexBuffer.cpp)
D:\Game Programming\DirectX\DirectXEng\DirectXEng\Graphics.h(65,43): message : a non-constant (sub-)expression was encountered (compiling source file IndexBuffer.cpp)
  SkinnedBox.cpp
D:\Game Programming\DirectX\DirectXEng\DirectXEng\ChiliWin.h(4,1): warning C4005: '_WIN32_WINNT': macro redefinition (compiling source file PointLight.cpp)
C:\Program Files (x86)\Windows Kits\10\Include\10.0.19041.0\shared\sdkddkver.h(218): message : see previous definition of '_WIN32_WINNT' (compiling source file PointLight.cpp)
D:\Game Programming\DirectX\DirectXEng\DirectXEng\ChiliWin.h(47,1): warning C4005: 'STRICT': macro redefinition (compiling source file PointLight.cpp)
C:\Program Files (x86)\Windows Kits\10\Include\10.0.19041.0\shared\minwindef.h(23): message : see previous definition of 'STRICT' (compiling source file PointLight.cpp)
D:\Game Programming\DirectX\DirectXEng\DirectXEng\ChiliWin.h(4,1): warning C4005: '_WIN32_WINNT': macro redefinition (compiling source file Sampler.cpp)
C:\Program Files (x86)\Windows Kits\10\Include\10.0.19041.0\shared\sdkddkver.h(218): message : see previous definition of '_WIN32_WINNT' (compiling source file Sampler.cpp)
D:\Game Programming\DirectX\DirectXEng\DirectXEng\ChiliWin.h(47,1): warning C4005: 'STRICT': macro redefinition (compiling source file Sampler.cpp)
C:\Program Files (x86)\Windows Kits\10\Include\10.0.19041.0\shared\minwindef.h(23): message : see previous definition of 'STRICT' (compiling source file Sampler.cpp)
D:\Game Programming\DirectX\DirectXEng\DirectXEng\Graphics.h(65,43): error C2065: 'IS_DEBUG': undeclared identifier (compiling source file InputLayout.cpp)
D:\Game Programming\DirectX\DirectXEng\DirectXEng\Graphics.h(65,43): error C2131: expression did not evaluate to a constant (compiling source file InputLayout.cpp)
D:\Game Programming\DirectX\DirectXEng\DirectXEng\Graphics.h(65,43): message : a non-constant (sub-)expression was encountered (compiling source file InputLayout.cpp)
  SolidSphere.cpp
D:\Game Programming\DirectX\DirectXEng\DirectXEng\Graphics.h(65,43): error C2065: 'IS_DEBUG': undeclared identifier (compiling source file Melon.cpp)
D:\Game Programming\DirectX\DirectXEng\DirectXEng\Graphics.h(65,43): error C2131: expression did not evaluate to a constant (compiling source file Melon.cpp)
D:\Game Programming\DirectX\DirectXEng\DirectXEng\Graphics.h(65,43): message : a non-constant (sub-)expression was encountered (compiling source file Melon.cpp)
D:\Game Programming\DirectX\DirectXEng\DirectXEng\DrawableBase.h(48,61): error C2065: 'IS_DEBUG': undeclared identifier (compiling source file Melon.cpp)
D:\Game Programming\DirectX\DirectXEng\DirectXEng\DrawableBase.h(48,61): error C3861: 'IS_DEBUG': identifier not found (compiling source file Melon.cpp)
D:\Game Programming\DirectX\DirectXEng\DirectXEng\Vertex.h(69,65): error C2065: 'IS_DEBUG': undeclared identifier (compiling source file Melon.cpp)
D:\Game Programming\DirectX\DirectXEng\DirectXEng\Vertex.h(69,65): error C2131: expression did not evaluate to a constant (compiling source file Melon.cpp)
D:\Game Programming\DirectX\DirectXEng\DirectXEng\Vertex.h(69,65): message : a non-constant (sub-)expression was encountered (compiling source file Melon.cpp)
D:\Game Programming\DirectX\DirectXEng\DirectXEng\Vertex.h(74,50): error C2065: 'IS_DEBUG': undeclared identifier (compiling source file Melon.cpp)
D:\Game Programming\DirectX\DirectXEng\DirectXEng\Vertex.h(74,50): message : This diagnostic occurred in the compiler generated function 'const DynamicVertex::VertexLayout::Element &DynamicVertex::VertexLayout::Resolve(void) noexcept(<expr>) const' (compiling source file Melon.cpp)
D:\Game Programming\DirectX\DirectXEng\DirectXEng\Vertex.h(74,50): error C3861: 'IS_DEBUG': identifier not found (compiling source file Melon.cpp)
D:\Game Programming\DirectX\DirectXEng\DirectXEng\Vertex.h(74,50): message : This diagnostic occurred in the compiler generated function 'const DynamicVertex::VertexLayout::Element &DynamicVertex::VertexLayout::Resolve(void) noexcept(<expr>) const' (compiling source file Melon.cpp)
D:\Game Programming\DirectX\DirectXEng\DirectXEng\Vertex.h(86,58): error C2065: 'IS_DEBUG': undeclared identifier (compiling source file Melon.cpp)
D:\Game Programming\DirectX\DirectXEng\DirectXEng\Vertex.h(86,58): error C2131: expression did not evaluate to a constant (compiling source file Melon.cpp)
D:\Game Programming\DirectX\DirectXEng\DirectXEng\Vertex.h(86,58): message : a non-constant (sub-)expression was encountered (compiling source file Melon.cpp)
D:\Game Programming\DirectX\DirectXEng\DirectXEng\Vertex.h(91,38): error C2065: 'IS_DEBUG': undeclared identifier (compiling source file Melon.cpp)
D:\Game Programming\DirectX\DirectXEng\DirectXEng\Vertex.h(91,38): error C2131: expression did not evaluate to a constant (compiling source file Melon.cpp)
D:\Game Programming\DirectX\DirectXEng\DirectXEng\Vertex.h(91,38): message : a non-constant (sub-)expression was encountered (compiling source file Melon.cpp)
D:\Game Programming\DirectX\DirectXEng\DirectXEng\IndexedTriangleList.h(29,45): error C2065: 'IS_DEBUG': undeclared identifier (compiling source file Melon.cpp)
D:\Game Programming\DirectX\DirectXEng\DirectXEng\IndexedTriangleList.h(53): message : see reference to class template instantiation 'IndexedTriangleList<T>' being compiled (compiling source file Melon.cpp)
D:\Game Programming\DirectX\DirectXEng\DirectXEng\IndexedTriangleList.h(29,45): error C3861: 'IS_DEBUG': identifier not found (compiling source file Melon.cpp)
  Surface.cpp
D:\Game Programming\DirectX\DirectXEng\DirectXEng\Graphics.h(65,43): error C2065: 'IS_DEBUG': undeclared identifier (compiling source file PixelShader.cpp)
D:\Game Programming\DirectX\DirectXEng\DirectXEng\Graphics.h(65,43): error C2131: expression did not evaluate to a constant (compiling source file PixelShader.cpp)
D:\Game Programming\DirectX\DirectXEng\DirectXEng\Graphics.h(65,43): message : a non-constant (sub-)expression was encountered (compiling source file PixelShader.cpp)
  Texture.cpp
D:\Game Programming\DirectX\DirectXEng\DirectXEng\Graphics.h(65,43): error C2065: 'IS_DEBUG': undeclared identifier (compiling source file Pyramid.cpp)
D:\Game Programming\DirectX\DirectXEng\DirectXEng\Graphics.h(65,43): error C2131: expression did not evaluate to a constant (compiling source file Pyramid.cpp)
D:\Game Programming\DirectX\DirectXEng\DirectXEng\Graphics.h(65,43): message : a non-constant (sub-)expression was encountered (compiling source file Pyramid.cpp)
D:\Game Programming\DirectX\DirectXEng\DirectXEng\DrawableBase.h(48,61): error C2065: 'IS_DEBUG': undeclared identifier (compiling source file Pyramid.cpp)
D:\Game Programming\DirectX\DirectXEng\DirectXEng\DrawableBase.h(48,61): error C3861: 'IS_DEBUG': identifier not found (compiling source file Pyramid.cpp)
D:\Game Programming\DirectX\DirectXEng\DirectXEng\Graphics.h(65,43): error C2065: 'IS_DEBUG': undeclared identifier (compiling source file PointLight.cpp)
D:\Game Programming\DirectX\DirectXEng\DirectXEng\Graphics.h(65,43): error C2131: expression did not evaluate to a constant (compiling source file PointLight.cpp)
D:\Game Programming\DirectX\DirectXEng\DirectXEng\Graphics.h(65,43): message : a non-constant (sub-)expression was encountered (compiling source file PointLight.cpp)
D:\Game Programming\DirectX\DirectXEng\DirectXEng\Vertex.h(69,65): error C2065: 'IS_DEBUG': undeclared identifier (compiling source file Pyramid.cpp)
D:\Game Programming\DirectX\DirectXEng\DirectXEng\Vertex.h(69,65): error C2131: expression did not evaluate to a constant (compiling source file Pyramid.cpp)
D:\Game Programming\DirectX\DirectXEng\DirectXEng\Vertex.h(69,65): message : a non-constant (sub-)expression was encountered (compiling source file Pyramid.cpp)
D:\Game Programming\DirectX\DirectXEng\DirectXEng\Vertex.h(74,50): error C2065: 'IS_DEBUG': undeclared identifier (compiling source file Pyramid.cpp)
D:\Game Programming\DirectX\DirectXEng\DirectXEng\Vertex.h(74,50): message : This diagnostic occurred in the compiler generated function 'const DynamicVertex::VertexLayout::Element &DynamicVertex::VertexLayout::Resolve(void) noexcept(<expr>) const' (compiling source file Pyramid.cpp)
D:\Game Programming\DirectX\DirectXEng\DirectXEng\Vertex.h(74,50): error C3861: 'IS_DEBUG': identifier not found (compiling source file Pyramid.cpp)
D:\Game Programming\DirectX\DirectXEng\DirectXEng\Vertex.h(74,50): message : This diagnostic occurred in the compiler generated function 'const DynamicVertex::VertexLayout::Element &DynamicVertex::VertexLayout::Resolve(void) noexcept(<expr>) const' (compiling source file Pyramid.cpp)
D:\Game Programming\DirectX\DirectXEng\DirectXEng\Vertex.h(86,58): error C2065: 'IS_DEBUG': undeclared identifier (compiling source file Pyramid.cpp)
D:\Game Programming\DirectX\DirectXEng\DirectXEng\Vertex.h(86,58): error C2131: expression did not evaluate to a constant (compiling source file Pyramid.cpp)
D:\Game Programming\DirectX\DirectXEng\DirectXEng\Vertex.h(86,58): message : a non-constant (sub-)expression was encountered (compiling source file Pyramid.cpp)
D:\Game Programming\DirectX\DirectXEng\DirectXEng\Vertex.h(91,38): error C2065: 'IS_DEBUG': undeclared identifier (compiling source file Pyramid.cpp)
D:\Game Programming\DirectX\DirectXEng\DirectXEng\Vertex.h(91,38): error C2131: expression did not evaluate to a constant (compiling source file Pyramid.cpp)
D:\Game Programming\DirectX\DirectXEng\DirectXEng\Vertex.h(91,38): message : a non-constant (sub-)expression was encountered (compiling source file Pyramid.cpp)
D:\Game Programming\DirectX\DirectXEng\DirectXEng\Graphics.h(65,43): error C2065: 'IS_DEBUG': undeclared identifier (compiling source file Sampler.cpp)
D:\Game Programming\DirectX\DirectXEng\DirectXEng\Graphics.h(65,43): error C2131: expression did not evaluate to a constant (compiling source file Sampler.cpp)
D:\Game Programming\DirectX\DirectXEng\DirectXEng\Graphics.h(65,43): message : a non-constant (sub-)expression was encountered (compiling source file Sampler.cpp)
  Topology.cpp
D:\Game Programming\DirectX\DirectXEng\DirectXEng\DrawableBase.h(48,61): error C2065: 'IS_DEBUG': undeclared identifier (compiling source file PointLight.cpp)
D:\Game Programming\DirectX\DirectXEng\DirectXEng\DrawableBase.h(48,61): error C3861: 'IS_DEBUG': identifier not found (compiling source file PointLight.cpp)
D:\Game Programming\DirectX\DirectXEng\DirectXEng\IndexedTriangleList.h(29,45): error C2065: 'IS_DEBUG': undeclared identifier (compiling source file Pyramid.cpp)
D:\Game Programming\DirectX\DirectXEng\DirectXEng\IndexedTriangleList.h(53): message : see reference to class template instantiation 'IndexedTriangleList<T>' being compiled (compiling source file Pyramid.cpp)
D:\Game Programming\DirectX\DirectXEng\DirectXEng\IndexedTriangleList.h(29,45): error C3861: 'IS_DEBUG': identifier not found (compiling source file Pyramid.cpp)
  TransformCBuff.cpp
D:\Game Programming\DirectX\DirectXEng\DirectXEng\IndexedTriangleList.h(29,45): error C2131: expression did not evaluate to a constant (compiling source file Pyramid.cpp)
D:\Game Programming\DirectX\DirectXEng\DirectXEng\IndexedTriangleList.h(29,45): message : a non-constant (sub-)expression was encountered (compiling source file Pyramid.cpp)
  Vertex.cpp
D:\Game Programming\DirectX\DirectXEng\DirectXEng\Graphics.h(65,43): error C2065: 'IS_DEBUG': undeclared identifier (compiling source file Sheet.cpp)
D:\Game Programming\DirectX\DirectXEng\DirectXEng\Graphics.h(65,43): error C2131: expression did not evaluate to a constant (compiling source file Sheet.cpp)
D:\Game Programming\DirectX\DirectXEng\DirectXEng\Graphics.h(65,43): message : a non-constant (sub-)expression was encountered (compiling source file Sheet.cpp)
D:\Game Programming\DirectX\DirectXEng\DirectXEng\DrawableBase.h(48,61): error C2065: 'IS_DEBUG': undeclared identifier (compiling source file Sheet.cpp)
D:\Game Programming\DirectX\DirectXEng\DirectXEng\DrawableBase.h(48,61): error C3861: 'IS_DEBUG': identifier not found (compiling source file Sheet.cpp)
D:\Game Programming\DirectX\DirectXEng\DirectXEng\Vertex.h(69,65): error C2065: 'IS_DEBUG': undeclared identifier (compiling source file Sheet.cpp)
D:\Game Programming\DirectX\DirectXEng\DirectXEng\Vertex.h(69,65): error C2131: expression did not evaluate to a constant (compiling source file Sheet.cpp)
D:\Game Programming\DirectX\DirectXEng\DirectXEng\Vertex.h(69,65): message : a non-constant (sub-)expression was encountered (compiling source file Sheet.cpp)
D:\Game Programming\DirectX\DirectXEng\DirectXEng\Vertex.h(74,50): error C2065: 'IS_DEBUG': undeclared identifier (compiling source file Sheet.cpp)
D:\Game Programming\DirectX\DirectXEng\DirectXEng\Vertex.h(74,50): message : This diagnostic occurred in the compiler generated function 'const DynamicVertex::VertexLayout::Element &DynamicVertex::VertexLayout::Resolve(void) noexcept(<expr>) const' (compiling source file Sheet.cpp)
D:\Game Programming\DirectX\DirectXEng\DirectXEng\Vertex.h(74,50): error C3861: 'IS_DEBUG': identifier not found (compiling source file Sheet.cpp)
D:\Game Programming\DirectX\DirectXEng\DirectXEng\Vertex.h(74,50): message : This diagnostic occurred in the compiler generated function 'const DynamicVertex::VertexLayout::Element &DynamicVertex::VertexLayout::Resolve(void) noexcept(<expr>) const' (compiling source file Sheet.cpp)
D:\Game Programming\DirectX\DirectXEng\DirectXEng\Vertex.h(86,58): error C2065: 'IS_DEBUG': undeclared identifier (compiling source file Sheet.cpp)
D:\Game Programming\DirectX\DirectXEng\DirectXEng\Vertex.h(86,58): error C2131: expression did not evaluate to a constant (compiling source file Sheet.cpp)
D:\Game Programming\DirectX\DirectXEng\DirectXEng\Vertex.h(86,58): message : a non-constant (sub-)expression was encountered (compiling source file Sheet.cpp)
D:\Game Programming\DirectX\DirectXEng\DirectXEng\Vertex.h(91,38): error C2065: 'IS_DEBUG': undeclared identifier (compiling source file Sheet.cpp)
D:\Game Programming\DirectX\DirectXEng\DirectXEng\Vertex.h(91,38): error C2131: expression did not evaluate to a constant (compiling source file Sheet.cpp)
D:\Game Programming\DirectX\DirectXEng\DirectXEng\Vertex.h(91,38): message : a non-constant (sub-)expression was encountered (compiling source file Sheet.cpp)
D:\Game Programming\DirectX\DirectXEng\DirectXEng\IndexedTriangleList.h(29,45): error C2065: 'IS_DEBUG': undeclared identifier (compiling source file Sheet.cpp)
D:\Game Programming\DirectX\DirectXEng\DirectXEng\IndexedTriangleList.h(53): message : see reference to class template instantiation 'IndexedTriangleList<T>' being compiled (compiling source file Sheet.cpp)
D:\Game Programming\DirectX\DirectXEng\DirectXEng\IndexedTriangleList.h(29,45): error C3861: 'IS_DEBUG': identifier not found (compiling source file Sheet.cpp)
D:\Game Programming\DirectX\DirectXEng\DirectXEng\DrawableBase.h(11,41): error C2065: 'IS_DEBUG': undeclared identifier (compiling source file Sheet.cpp)
D:\Game Programming\DirectX\DirectXEng\DirectXEng\DrawableBase.h(11,41): error C2131: expression did not evaluate to a constant (compiling source file Sheet.cpp)
D:\Game Programming\DirectX\DirectXEng\DirectXEng\DrawableBase.h(11,41): message : a non-constant (sub-)expression was encountered (compiling source file Sheet.cpp)
  VertexBuffer.cpp
D:\Game Programming\DirectX\DirectXEng\DirectXEng\Graphics.h(65,43): error C2065: 'IS_DEBUG': undeclared identifier (compiling source file SkinnedBox.cpp)
D:\Game Programming\DirectX\DirectXEng\DirectXEng\Graphics.h(65,43): error C2131: expression did not evaluate to a constant (compiling source file SkinnedBox.cpp)
D:\Game Programming\DirectX\DirectXEng\DirectXEng\Graphics.h(65,43): message : a non-constant (sub-)expression was encountered (compiling source file SkinnedBox.cpp)
D:\Game Programming\DirectX\DirectXEng\DirectXEng\DrawableBase.h(48,61): error C2065: 'IS_DEBUG': undeclared identifier (compiling source file SkinnedBox.cpp)
D:\Game Programming\DirectX\DirectXEng\DirectXEng\DrawableBase.h(48,61): error C3861: 'IS_DEBUG': identifier not found (compiling source file SkinnedBox.cpp)
D:\Game Programming\DirectX\DirectXEng\DirectXEng\Graphics.h(65,43): error C2065: 'IS_DEBUG': undeclared identifier (compiling source file SolidSphere.cpp)
D:\Game Programming\DirectX\DirectXEng\DirectXEng\Graphics.h(65,43): error C2131: expression did not evaluate to a constant (compiling source file SolidSphere.cpp)
D:\Game Programming\DirectX\DirectXEng\DirectXEng\Graphics.h(65,43): message : a non-constant (sub-)expression was encountered (compiling source file SolidSphere.cpp)
D:\Game Programming\DirectX\DirectXEng\DirectXEng\DrawableBase.h(48,61): error C2065: 'IS_DEBUG': undeclared identifier (compiling source file SolidSphere.cpp)
D:\Game Programming\DirectX\DirectXEng\DirectXEng\DrawableBase.h(48,61): error C3861: 'IS_DEBUG': identifier not found (compiling source file SolidSphere.cpp)
D:\Game Programming\DirectX\DirectXEng\DirectXEng\IndexedTriangleList.h(29,45): error C2065: 'IS_DEBUG': undeclared identifier (compiling source file SolidSphere.cpp)
D:\Game Programming\DirectX\DirectXEng\DirectXEng\IndexedTriangleList.h(53): message : see reference to class template instantiation 'IndexedTriangleList<T>' being compiled (compiling source file SolidSphere.cpp)
D:\Game Programming\DirectX\DirectXEng\DirectXEng\IndexedTriangleList.h(29,45): error C3861: 'IS_DEBUG': identifier not found (compiling source file SolidSphere.cpp)
D:\Game Programming\DirectX\DirectXEng\DirectXEng\Vertex.h(69,65): error C2065: 'IS_DEBUG': undeclared identifier (compiling source file SolidSphere.cpp)
D:\Game Programming\DirectX\DirectXEng\DirectXEng\Vertex.h(69,65): error C2131: expression did not evaluate to a constant (compiling source file SolidSphere.cpp)
D:\Game Programming\DirectX\DirectXEng\DirectXEng\Vertex.h(69,65): message : a non-constant (sub-)expression was encountered (compiling source file SolidSphere.cpp)
D:\Game Programming\DirectX\DirectXEng\DirectXEng\Vertex.h(74,50): error C2065: 'IS_DEBUG': undeclared identifier (compiling source file SolidSphere.cpp)
D:\Game Programming\DirectX\DirectXEng\DirectXEng\Vertex.h(74,50): message : This diagnostic occurred in the compiler generated function 'const DynamicVertex::VertexLayout::Element &DynamicVertex::VertexLayout::Resolve(void) noexcept(<expr>) const' (compiling source file SolidSphere.cpp)
D:\Game Programming\DirectX\DirectXEng\DirectXEng\Vertex.h(74,50): error C3861: 'IS_DEBUG': identifier not found (compiling source file SolidSphere.cpp)
D:\Game Programming\DirectX\DirectXEng\DirectXEng\Vertex.h(74,50): message : This diagnostic occurred in the compiler generated function 'const DynamicVertex::VertexLayout::Element &DynamicVertex::VertexLayout::Resolve(void) noexcept(<expr>) const' (compiling source file SolidSphere.cpp)
D:\Game Programming\DirectX\DirectXEng\DirectXEng\Vertex.h(86,58): error C2065: 'IS_DEBUG': undeclared identifier (compiling source file SolidSphere.cpp)
D:\Game Programming\DirectX\DirectXEng\DirectXEng\Vertex.h(86,58): error C2131: expression did not evaluate to a constant (compiling source file SolidSphere.cpp)
D:\Game Programming\DirectX\DirectXEng\DirectXEng\Vertex.h(86,58): message : a non-constant (sub-)expression was encountered (compiling source file SolidSphere.cpp)
D:\Game Programming\DirectX\DirectXEng\DirectXEng\Vertex.h(91,38): error C2065: 'IS_DEBUG': undeclared identifier (compiling source file SolidSphere.cpp)
D:\Game Programming\DirectX\DirectXEng\DirectXEng\Vertex.h(91,38): error C2131: expression did not evaluate to a constant (compiling source file SolidSphere.cpp)
D:\Game Programming\DirectX\DirectXEng\DirectXEng\Vertex.h(91,38): message : a non-constant (sub-)expression was encountered (compiling source file SolidSphere.cpp)
D:\Game Programming\DirectX\DirectXEng\DirectXEng\ChiliWin.h(4,1): warning C4005: '_WIN32_WINNT': macro redefinition (compiling source file Texture.cpp)
C:\Program Files (x86)\Windows Kits\10\Include\10.0.19041.0\shared\sdkddkver.h(218): message : see previous definition of '_WIN32_WINNT' (compiling source file Texture.cpp)
D:\Game Programming\DirectX\DirectXEng\DirectXEng\ChiliWin.h(47,1): warning C4005: 'STRICT': macro redefinition (compiling source file Texture.cpp)
C:\Program Files (x86)\Windows Kits\10\Include\10.0.19041.0\shared\minwindef.h(23): message : see previous definition of 'STRICT' (compiling source file Texture.cpp)
D:\Game Programming\DirectX\DirectXEng\DirectXEng\DrawableBase.h(11,41): error C2065: 'IS_DEBUG': undeclared identifier (compiling source file SolidSphere.cpp)
D:\Game Programming\DirectX\DirectXEng\DirectXEng\DrawableBase.h(11,41): error C2131: expression did not evaluate to a constant (compiling source file SolidSphere.cpp)
D:\Game Programming\DirectX\DirectXEng\DirectXEng\DrawableBase.h(11,41): message : a non-constant (sub-)expression was encountered (compiling source file SolidSphere.cpp)
  VertexShader.cpp
D:\Game Programming\DirectX\DirectXEng\DirectXEng\Vertex.h(69,65): error C2065: 'IS_DEBUG': undeclared identifier (compiling source file SkinnedBox.cpp)
D:\Game Programming\DirectX\DirectXEng\DirectXEng\Vertex.h(69,65): error C2131: expression did not evaluate to a constant (compiling source file SkinnedBox.cpp)
D:\Game Programming\DirectX\DirectXEng\DirectXEng\Vertex.h(69,65): message : a non-constant (sub-)expression was encountered (compiling source file SkinnedBox.cpp)
D:\Game Programming\DirectX\DirectXEng\DirectXEng\Vertex.h(74,50): error C2065: 'IS_DEBUG': undeclared identifier (compiling source file SkinnedBox.cpp)
D:\Game Programming\DirectX\DirectXEng\DirectXEng\Vertex.h(74,50): message : This diagnostic occurred in the compiler generated function 'const DynamicVertex::VertexLayout::Element &DynamicVertex::VertexLayout::Resolve(void) noexcept(<expr>) const' (compiling source file SkinnedBox.cpp)
D:\Game Programming\DirectX\DirectXEng\DirectXEng\Vertex.h(74,50): error C3861: 'IS_DEBUG': identifier not found (compiling source file SkinnedBox.cpp)
D:\Game Programming\DirectX\DirectXEng\DirectXEng\Vertex.h(74,50): message : This diagnostic occurred in the compiler generated function 'const DynamicVertex::VertexLayout::Element &DynamicVertex::VertexLayout::Resolve(void) noexcept(<expr>) const' (compiling source file SkinnedBox.cpp)
D:\Game Programming\DirectX\DirectXEng\DirectXEng\Vertex.h(86,58): error C2065: 'IS_DEBUG': undeclared identifier (compiling source file SkinnedBox.cpp)
D:\Game Programming\DirectX\DirectXEng\DirectXEng\Vertex.h(86,58): error C2131: expression did not evaluate to a constant (compiling source file SkinnedBox.cpp)
D:\Game Programming\DirectX\DirectXEng\DirectXEng\Vertex.h(86,58): message : a non-constant (sub-)expression was encountered (compiling source file SkinnedBox.cpp)
D:\Game Programming\DirectX\DirectXEng\DirectXEng\Vertex.h(91,38): error C2065: 'IS_DEBUG': undeclared identifier (compiling source file SkinnedBox.cpp)
D:\Game Programming\DirectX\DirectXEng\DirectXEng\Vertex.h(91,38): error C2131: expression did not evaluate to a constant (compiling source file SkinnedBox.cpp)
D:\Game Programming\DirectX\DirectXEng\DirectXEng\Vertex.h(91,38): message : a non-constant (sub-)expression was encountered (compiling source file SkinnedBox.cpp)
D:\Game Programming\DirectX\DirectXEng\DirectXEng\DrawableBase.h(11,41): error C2065: 'IS_DEBUG': undeclared identifier (compiling source file SkinnedBox.cpp)
D:\Game Programming\DirectX\DirectXEng\DirectXEng\DrawableBase.h(11,41): error C2131: expression did not evaluate to a constant (compiling source file SkinnedBox.cpp)
D:\Game Programming\DirectX\DirectXEng\DirectXEng\DrawableBase.h(11,41): message : a non-constant (sub-)expression was encountered (compiling source file SkinnedBox.cpp)
  Window.cpp
D:\Game Programming\DirectX\DirectXEng\DirectXEng\ChiliWin.h(4,1): warning C4005: '_WIN32_WINNT': macro redefinition (compiling source file Topology.cpp)
C:\Program Files (x86)\Windows Kits\10\Include\10.0.19041.0\shared\sdkddkver.h(218): message : see previous definition of '_WIN32_WINNT' (compiling source file Topology.cpp)
D:\Game Programming\DirectX\DirectXEng\DirectXEng\ChiliWin.h(47,1): warning C4005: 'STRICT': macro redefinition (compiling source file Topology.cpp)
C:\Program Files (x86)\Windows Kits\10\Include\10.0.19041.0\shared\minwindef.h(23): message : see previous definition of 'STRICT' (compiling source file Topology.cpp)
D:\Game Programming\DirectX\DirectXEng\DirectXEng\ChiliWin.h(4,1): warning C4005: '_WIN32_WINNT': macro redefinition (compiling source file TransformCBuff.cpp)
C:\Program Files (x86)\Windows Kits\10\Include\10.0.19041.0\shared\sdkddkver.h(218): message : see previous definition of '_WIN32_WINNT' (compiling source file TransformCBuff.cpp)
D:\Game Programming\DirectX\DirectXEng\DirectXEng\ChiliWin.h(47,1): warning C4005: 'STRICT': macro redefinition (compiling source file TransformCBuff.cpp)
C:\Program Files (x86)\Windows Kits\10\Include\10.0.19041.0\shared\minwindef.h(23): message : see previous definition of 'STRICT' (compiling source file TransformCBuff.cpp)
D:\Game Programming\DirectX\DirectXEng\DirectXEng\Vertex.h(69,65): error C2065: 'IS_DEBUG': undeclared identifier (compiling source file Vertex.cpp)
D:\Game Programming\DirectX\DirectXEng\DirectXEng\Vertex.h(69,65): error C2131: expression did not evaluate to a constant (compiling source file Vertex.cpp)
D:\Game Programming\DirectX\DirectXEng\DirectXEng\Vertex.h(69,65): message : a non-constant (sub-)expression was encountered (compiling source file Vertex.cpp)
D:\Game Programming\DirectX\DirectXEng\DirectXEng\Vertex.h(74,50): error C2065: 'IS_DEBUG': undeclared identifier (compiling source file Vertex.cpp)
D:\Game Programming\DirectX\DirectXEng\DirectXEng\Vertex.h(74,50): message : This diagnostic occurred in the compiler generated function 'const DynamicVertex::VertexLayout::Element &DynamicVertex::VertexLayout::Resolve(void) noexcept(<expr>) const' (compiling source file Vertex.cpp)
D:\Game Programming\DirectX\DirectXEng\DirectXEng\Vertex.h(74,50): error C3861: 'IS_DEBUG': identifier not found (compiling source file Vertex.cpp)
D:\Game Programming\DirectX\DirectXEng\DirectXEng\Vertex.h(74,50): message : This diagnostic occurred in the compiler generated function 'const DynamicVertex::VertexLayout::Element &DynamicVertex::VertexLayout::Resolve(void) noexcept(<expr>) const' (compiling source file Vertex.cpp)
D:\Game Programming\DirectX\DirectXEng\DirectXEng\Vertex.h(86,58): error C2065: 'IS_DEBUG': undeclared identifier (compiling source file Vertex.cpp)
D:\Game Programming\DirectX\DirectXEng\DirectXEng\Vertex.h(86,58): error C2131: expression did not evaluate to a constant (compiling source file Vertex.cpp)
D:\Game Programming\DirectX\DirectXEng\DirectXEng\Vertex.h(86,58): message : a non-constant (sub-)expression was encountered (compiling source file Vertex.cpp)
D:\Game Programming\DirectX\DirectXEng\DirectXEng\Vertex.h(91,38): error C2065: 'IS_DEBUG': undeclared identifier (compiling source file Vertex.cpp)
D:\Game Programming\DirectX\DirectXEng\DirectXEng\Vertex.h(91,38): error C2131: expression did not evaluate to a constant (compiling source file Vertex.cpp)
D:\Game Programming\DirectX\DirectXEng\DirectXEng\Vertex.h(91,38): message : a non-constant (sub-)expression was encountered (compiling source file Vertex.cpp)
  WinMain.cpp
D:\Game Programming\DirectX\DirectXEng\DirectXEng\Vertex.h(69,65): error C2065: 'IS_DEBUG': undeclared identifier (compiling source file VertexBuffer.cpp)
D:\Game Programming\DirectX\DirectXEng\DirectXEng\Vertex.h(69,65): error C2131: expression did not evaluate to a constant (compiling source file VertexBuffer.cpp)
D:\Game Programming\DirectX\DirectXEng\DirectXEng\Vertex.h(69,65): message : a non-constant (sub-)expression was encountered (compiling source file VertexBuffer.cpp)
D:\Game Programming\DirectX\DirectXEng\DirectXEng\Vertex.h(74,50): error C2065: 'IS_DEBUG': undeclared identifier (compiling source file VertexBuffer.cpp)
D:\Game Programming\DirectX\DirectXEng\DirectXEng\Vertex.h(74,50): message : This diagnostic occurred in the compiler generated function 'const DynamicVertex::VertexLayout::Element &DynamicVertex::VertexLayout::Resolve(void) noexcept(<expr>) const' (compiling source file VertexBuffer.cpp)
D:\Game Programming\DirectX\DirectXEng\DirectXEng\Vertex.h(74,50): error C3861: 'IS_DEBUG': identifier not found (compiling source file VertexBuffer.cpp)
D:\Game Programming\DirectX\DirectXEng\DirectXEng\Vertex.h(74,50): message : This diagnostic occurred in the compiler generated function 'const DynamicVertex::VertexLayout::Element &DynamicVertex::VertexLayout::Resolve(void) noexcept(<expr>) const' (compiling source file VertexBuffer.cpp)
D:\Game Programming\DirectX\DirectXEng\DirectXEng\Vertex.h(86,58): error C2065: 'IS_DEBUG': undeclared identifier (compiling source file VertexBuffer.cpp)
D:\Game Programming\DirectX\DirectXEng\DirectXEng\Vertex.h(86,58): error C2131: expression did not evaluate to a constant (compiling source file VertexBuffer.cpp)
D:\Game Programming\DirectX\DirectXEng\DirectXEng\Vertex.h(86,58): message : a non-constant (sub-)expression was encountered (compiling source file VertexBuffer.cpp)
D:\Game Programming\DirectX\DirectXEng\DirectXEng\Vertex.h(91,38): error C2065: 'IS_DEBUG': undeclared identifier (compiling source file VertexBuffer.cpp)
D:\Game Programming\DirectX\DirectXEng\DirectXEng\Vertex.h(91,38): error C2131: expression did not evaluate to a constant (compiling source file VertexBuffer.cpp)
D:\Game Programming\DirectX\DirectXEng\DirectXEng\Vertex.h(91,38): message : a non-constant (sub-)expression was encountered (compiling source file VertexBuffer.cpp)
D:\Game Programming\DirectX\DirectXEng\DirectXEng\ChiliWin.h(4,1): warning C4005: '_WIN32_WINNT': macro redefinition (compiling source file VertexShader.cpp)
C:\Program Files (x86)\Windows Kits\10\Include\10.0.19041.0\shared\sdkddkver.h(218): message : see previous definition of '_WIN32_WINNT' (compiling source file VertexShader.cpp)
D:\Game Programming\DirectX\DirectXEng\DirectXEng\ChiliWin.h(47,1): warning C4005: 'STRICT': macro redefinition (compiling source file VertexShader.cpp)
C:\Program Files (x86)\Windows Kits\10\Include\10.0.19041.0\shared\minwindef.h(23): message : see previous definition of 'STRICT' (compiling source file VertexShader.cpp)
D:\Game Programming\DirectX\DirectXEng\DirectXEng\Graphics.h(65,43): error C2065: 'IS_DEBUG': undeclared identifier (compiling source file Texture.cpp)
D:\Game Programming\DirectX\DirectXEng\DirectXEng\Graphics.h(65,43): error C2131: expression did not evaluate to a constant (compiling source file Texture.cpp)
D:\Game Programming\DirectX\DirectXEng\DirectXEng\Graphics.h(65,43): message : a non-constant (sub-)expression was encountered (compiling source file Texture.cpp)
D:\Game Programming\DirectX\DirectXEng\DirectXEng\ChiliWin.h(4,1): warning C4005: '_WIN32_WINNT': macro redefinition (compiling source file VertexBuffer.cpp)
C:\Program Files (x86)\Windows Kits\10\Include\10.0.19041.0\shared\sdkddkver.h(218): message : see previous definition of '_WIN32_WINNT' (compiling source file VertexBuffer.cpp)
D:\Game Programming\DirectX\DirectXEng\DirectXEng\ChiliWin.h(47,1): warning C4005: 'STRICT': macro redefinition (compiling source file VertexBuffer.cpp)
C:\Program Files (x86)\Windows Kits\10\Include\10.0.19041.0\shared\minwindef.h(23): message : see previous definition of 'STRICT' (compiling source file VertexBuffer.cpp)
D:\Game Programming\DirectX\DirectXEng\DirectXEng\Graphics.h(65,43): error C2065: 'IS_DEBUG': undeclared identifier (compiling source file Topology.cpp)
D:\Game Programming\DirectX\DirectXEng\DirectXEng\Graphics.h(65,43): error C2131: expression did not evaluate to a constant (compiling source file Topology.cpp)
D:\Game Programming\DirectX\DirectXEng\DirectXEng\Graphics.h(65,43): message : a non-constant (sub-)expression was encountered (compiling source file Topology.cpp)
D:\Game Programming\DirectX\DirectXEng\DirectXEng\Graphics.h(65,43): error C2065: 'IS_DEBUG': undeclared identifier (compiling source file TransformCBuff.cpp)
D:\Game Programming\DirectX\DirectXEng\DirectXEng\Graphics.h(65,43): error C2131: expression did not evaluate to a constant (compiling source file TransformCBuff.cpp)
D:\Game Programming\DirectX\DirectXEng\DirectXEng\Graphics.h(65,43): message : a non-constant (sub-)expression was encountered (compiling source file TransformCBuff.cpp)
D:\Game Programming\DirectX\DirectXEng\DirectXEng\Graphics.h(65,43): error C2065: 'IS_DEBUG': undeclared identifier (compiling source file VertexBuffer.cpp)
D:\Game Programming\DirectX\DirectXEng\DirectXEng\Graphics.h(65,43): error C2131: expression did not evaluate to a constant (compiling source file VertexBuffer.cpp)
D:\Game Programming\DirectX\DirectXEng\DirectXEng\Graphics.h(65,43): message : a non-constant (sub-)expression was encountered (compiling source file VertexBuffer.cpp)
D:\Game Programming\DirectX\DirectXEng\DirectXEng\Graphics.h(65,43): error C2065: 'IS_DEBUG': undeclared identifier (compiling source file Window.cpp)
D:\Game Programming\DirectX\DirectXEng\DirectXEng\Graphics.h(65,43): error C2131: expression did not evaluate to a constant (compiling source file Window.cpp)
D:\Game Programming\DirectX\DirectXEng\DirectXEng\Graphics.h(65,43): message : a non-constant (sub-)expression was encountered (compiling source file Window.cpp)
D:\Game Programming\DirectX\DirectXEng\DirectXEng\Graphics.h(65,43): error C2065: 'IS_DEBUG': undeclared identifier (compiling source file VertexShader.cpp)
D:\Game Programming\DirectX\DirectXEng\DirectXEng\Graphics.h(65,43): error C2131: expression did not evaluate to a constant (compiling source file VertexShader.cpp)
D:\Game Programming\DirectX\DirectXEng\DirectXEng\Graphics.h(65,43): message : a non-constant (sub-)expression was encountered (compiling source file VertexShader.cpp)
D:\Game Programming\DirectX\DirectXEng\DirectXEng\Graphics.h(65,43): error C2065: 'IS_DEBUG': undeclared identifier (compiling source file WinMain.cpp)
D:\Game Programming\DirectX\DirectXEng\DirectXEng\Graphics.h(65,43): error C2131: expression did not evaluate to a constant (compiling source file WinMain.cpp)
D:\Game Programming\DirectX\DirectXEng\DirectXEng\Graphics.h(65,43): message : a non-constant (sub-)expression was encountered (compiling source file WinMain.cpp)
D:\Game Programming\DirectX\DirectXEng\DirectXEng\DrawableBase.h(48,61): error C2065: 'IS_DEBUG': undeclared identifier (compiling source file WinMain.cpp)
D:\Game Programming\DirectX\DirectXEng\DirectXEng\DrawableBase.h(48,61): error C3861: 'IS_DEBUG': identifier not found (compiling source file WinMain.cpp)
